
state 0
	$accept: .program $end 
	program: .    (1)
	globaldefs: .    (6)

	ON  reduce 6 (src line 66)
	INITIATE  shift 3
	.  reduce 1 (src line 36)

	program  goto 1
	globaldefs  goto 2

state 1
	$accept:  program.$end 

	$end  accept
	.  error


state 2
	program:  globaldefs.eventlist 

	ON  shift 6
	.  error

	eventlist  goto 4
	event  goto 5

state 3
	globaldefs:  INITIATE.globaldeflist END 

	BOOL  shift 11
	INT  shift 12
	STR  shift 13
	REAL  shift 14
	.  error

	vardecl  goto 9
	globaldeflist  goto 7
	globaldef  goto 8
	type  goto 10

state 4
	program:  globaldefs eventlist.    (2)
	eventlist:  eventlist.event 

	ON  shift 6
	.  reduce 2 (src line 41)

	event  goto 15

state 5
	eventlist:  event.    (4)

	.  reduce 4 (src line 54)


state 6
	event:  ON.ID LPAR inputdecl RPAR DO outputdecl streamdecl sendstatement END 

	ID  shift 16
	.  error


state 7
	globaldefs:  INITIATE globaldeflist.END 
	globaldeflist:  globaldeflist.globaldef 

	END  shift 17
	BOOL  shift 11
	INT  shift 12
	STR  shift 13
	REAL  shift 14
	.  error

	vardecl  goto 9
	globaldef  goto 18
	type  goto 10

state 8
	globaldeflist:  globaldef.    (8)

	.  reduce 8 (src line 82)


state 9
	globaldef:  vardecl.ASSIGN globalvalue SC 

	ASSIGN  shift 19
	.  error


state 10
	vardecl:  type.ID 

	ID  shift 20
	.  error


state 11
	type:  BOOL.    (69)

	.  reduce 69 (src line 444)


state 12
	type:  INT.    (70)

	.  reduce 70 (src line 448)


state 13
	type:  STR.    (71)

	.  reduce 71 (src line 452)


state 14
	type:  REAL.    (72)

	.  reduce 72 (src line 456)


state 15
	eventlist:  eventlist event.    (3)

	.  reduce 3 (src line 51)


state 16
	event:  ON ID.LPAR inputdecl RPAR DO outputdecl streamdecl sendstatement END 

	LPAR  shift 21
	.  error


state 17
	globaldefs:  INITIATE globaldeflist END.    (5)

	.  reduce 5 (src line 59)


state 18
	globaldeflist:  globaldeflist globaldef.    (7)

	.  reduce 7 (src line 75)


state 19
	globaldef:  vardecl ASSIGN.globalvalue SC 

	NUM  shift 25
	FALSE  shift 23
	TRUE  shift 24
	REALNUM  shift 26
	.  error

	globalvalue  goto 22

state 20
	vardecl:  type ID.    (68)

	.  reduce 68 (src line 419)


state 21
	event:  ON ID LPAR.inputdecl RPAR DO outputdecl streamdecl sendstatement END 

	BOOL  shift 11
	INT  shift 12
	STR  shift 13
	REAL  shift 14
	.  error

	vardecl  goto 29
	varlist  goto 28
	inputdecl  goto 27
	type  goto 10

state 22
	globaldef:  vardecl ASSIGN globalvalue.SC 

	SC  shift 30
	.  error


state 23
	globalvalue:  FALSE.    (10)

	.  reduce 10 (src line 103)


state 24
	globalvalue:  TRUE.    (11)

	.  reduce 11 (src line 106)


state 25
	globalvalue:  NUM.    (12)

	.  reduce 12 (src line 109)


state 26
	globalvalue:  REALNUM.    (13)

	.  reduce 13 (src line 112)


state 27
	event:  ON ID LPAR inputdecl.RPAR DO outputdecl streamdecl sendstatement END 

	RPAR  shift 31
	.  error


state 28
	inputdecl:  varlist.    (15)
	varlist:  varlist.COMMA vardecl 

	COMMA  shift 32
	.  reduce 15 (src line 135)


state 29
	varlist:  vardecl.    (60)

	.  reduce 60 (src line 387)


state 30
	globaldef:  vardecl ASSIGN globalvalue SC.    (9)

	.  reduce 9 (src line 88)


state 31
	event:  ON ID LPAR inputdecl RPAR.DO outputdecl streamdecl sendstatement END 

	DO  shift 33
	.  error


state 32
	varlist:  varlist COMMA.vardecl 

	BOOL  shift 11
	INT  shift 12
	STR  shift 13
	REAL  shift 14
	.  error

	vardecl  goto 34
	type  goto 10

state 33
	event:  ON ID LPAR inputdecl RPAR DO.outputdecl streamdecl sendstatement END 

	OUTPUT  shift 36
	.  error

	outputdecl  goto 35

state 34
	varlist:  varlist COMMA vardecl.    (59)

	.  reduce 59 (src line 383)


state 35
	event:  ON ID LPAR inputdecl RPAR DO outputdecl.streamdecl sendstatement END 

	ID  shift 40
	.  error

	statementlist  goto 38
	streamdecl  goto 37
	statement  goto 39

state 36
	outputdecl:  OUTPUT.varlist SC 

	BOOL  shift 11
	INT  shift 12
	STR  shift 13
	REAL  shift 14
	.  error

	vardecl  goto 29
	varlist  goto 41
	type  goto 10

state 37
	event:  ON ID LPAR inputdecl RPAR DO outputdecl streamdecl.sendstatement END 

	SEND  shift 43
	.  error

	sendstatement  goto 42

state 38
	streamdecl:  statementlist.    (17)
	statementlist:  statementlist.statement 

	ID  shift 40
	.  reduce 17 (src line 168)

	statement  goto 44

state 39
	statementlist:  statement.    (19)

	.  reduce 19 (src line 181)


state 40
	statement:  ID.ASSIGN expr SC 

	ASSIGN  shift 45
	.  error


state 41
	outputdecl:  OUTPUT varlist.SC 
	varlist:  varlist.COMMA vardecl 

	COMMA  shift 32
	SC  shift 46
	.  error


state 42
	event:  ON ID LPAR inputdecl RPAR DO outputdecl streamdecl sendstatement.END 

	END  shift 47
	.  error


state 43
	sendstatement:  SEND.ID LPAR outputvars RPAR SC 

	ID  shift 48
	.  error


state 44
	statementlist:  statementlist statement.    (18)

	.  reduce 18 (src line 173)


state 45
	statement:  ID ASSIGN.expr SC 

	ID  shift 75
	NUM  shift 66
	LITERAL  shift 67
	LPAR  shift 64
	PIPE  shift 65
	MINUS  shift 69
	NOT  shift 61
	ITE  shift 54
	DIESI  shift 72
	AT  shift 70
	FALSE  shift 73
	TRUE  shift 74
	REALNUM  shift 68
	.  error

	identifier  goto 63
	itexpr  goto 51
	expr  goto 49
	mathexpr  goto 52
	arithmexpr  goto 50
	addpart  goto 55
	mulpart  goto 57
	unary  goto 60
	term  goto 59
	relexpr  goto 71
	logexpr  goto 53
	logpart  goto 56
	logunary  goto 58
	logterm  goto 62

state 46
	outputdecl:  OUTPUT varlist SC.    (16)

	.  reduce 16 (src line 152)


state 47
	event:  ON ID LPAR inputdecl RPAR DO outputdecl streamdecl sendstatement END.    (14)

	.  reduce 14 (src line 117)


state 48
	sendstatement:  SEND ID.LPAR outputvars RPAR SC 

	LPAR  shift 76
	.  error


state 49
	statement:  ID ASSIGN expr.SC 

	SC  shift 77
	.  error


state 50
	expr:  arithmexpr.    (25)

	.  reduce 25 (src line 234)


state 51
	expr:  itexpr.    (26)

	.  reduce 26 (src line 237)


state 52
	arithmexpr:  mathexpr.    (27)
	relexpr:  mathexpr.LE mathexpr 
	relexpr:  mathexpr.L mathexpr 
	relexpr:  mathexpr.GE mathexpr 
	relexpr:  mathexpr.G mathexpr 
	relexpr:  mathexpr.NEQ mathexpr 
	relexpr:  mathexpr.EQ mathexpr 
	mathexpr:  mathexpr.ADD addpart 
	mathexpr:  mathexpr.MINUS addpart 

	EQ  shift 83
	NEQ  shift 82
	GE  shift 80
	G  shift 81
	LE  shift 78
	L  shift 79
	ADD  shift 84
	MINUS  shift 85
	.  reduce 27 (src line 242)


state 53
	arithmexpr:  logexpr.    (28)
	logexpr:  logexpr.OR logpart 

	OR  shift 86
	.  reduce 28 (src line 245)


state 54
	itexpr:  ITE.LPAR logexpr COMMA arithmexpr COMMA arithmexpr RPAR 

	LPAR  shift 87
	.  error


state 55
	mathexpr:  addpart.    (49)
	addpart:  addpart.TIMES mulpart 
	addpart:  addpart.DIV mulpart 

	DIV  shift 89
	TIMES  shift 88
	.  reduce 49 (src line 328)


state 56
	logexpr:  logpart.    (30)
	logpart:  logpart.AND logunary 

	AND  shift 90
	.  reduce 30 (src line 253)


state 57
	addpart:  mulpart.    (52)

	.  reduce 52 (src line 343)


state 58
	logpart:  logunary.    (32)

	.  reduce 32 (src line 261)


state 59
	mulpart:  term.EXP mulpart 
	unary:  term.    (57)

	EXP  shift 91
	.  reduce 57 (src line 365)


state 60
	mulpart:  unary.    (54)

	.  reduce 54 (src line 351)


state 61
	logunary:  NOT.logunary 

	ID  shift 75
	NUM  shift 66
	LITERAL  shift 67
	LPAR  shift 64
	PIPE  shift 65
	MINUS  shift 69
	NOT  shift 61
	DIESI  shift 72
	AT  shift 70
	FALSE  shift 73
	TRUE  shift 74
	REALNUM  shift 68
	.  error

	identifier  goto 63
	mathexpr  goto 93
	addpart  goto 55
	mulpart  goto 57
	unary  goto 60
	term  goto 59
	relexpr  goto 71
	logunary  goto 92
	logterm  goto 62

state 62
	logunary:  logterm.    (34)

	.  reduce 34 (src line 269)


state 63
	term:  identifier.    (62)

	.  reduce 62 (src line 399)


state 64
	logterm:  LPAR.logexpr RPAR 
	term:  LPAR.mathexpr RPAR 

	ID  shift 75
	NUM  shift 66
	LITERAL  shift 67
	LPAR  shift 64
	PIPE  shift 65
	MINUS  shift 69
	NOT  shift 61
	DIESI  shift 72
	AT  shift 70
	FALSE  shift 73
	TRUE  shift 74
	REALNUM  shift 68
	.  error

	identifier  goto 63
	mathexpr  goto 95
	addpart  goto 55
	mulpart  goto 57
	unary  goto 60
	term  goto 59
	relexpr  goto 71
	logexpr  goto 94
	logpart  goto 56
	logunary  goto 58
	logterm  goto 62

state 65
	term:  PIPE.mathexpr PIPE 

	ID  shift 75
	NUM  shift 66
	LITERAL  shift 67
	LPAR  shift 97
	PIPE  shift 65
	MINUS  shift 69
	AT  shift 70
	REALNUM  shift 68
	.  error

	identifier  goto 63
	mathexpr  goto 96
	addpart  goto 55
	mulpart  goto 57
	unary  goto 60
	term  goto 59

state 66
	term:  NUM.    (65)

	.  reduce 65 (src line 408)


state 67
	term:  LITERAL.    (66)

	.  reduce 66 (src line 411)


state 68
	term:  REALNUM.    (67)

	.  reduce 67 (src line 414)


state 69
	unary:  MINUS.unary 

	ID  shift 75
	NUM  shift 66
	LITERAL  shift 67
	LPAR  shift 97
	PIPE  shift 65
	MINUS  shift 69
	AT  shift 70
	REALNUM  shift 68
	.  error

	identifier  goto 63
	unary  goto 98
	term  goto 99

state 70
	unary:  AT.term LBR arithmexpr RBR 

	ID  shift 75
	NUM  shift 66
	LITERAL  shift 67
	LPAR  shift 97
	PIPE  shift 65
	REALNUM  shift 68
	.  error

	identifier  goto 63
	term  goto 100

state 71
	logterm:  relexpr.    (35)

	.  reduce 35 (src line 274)


state 72
	logterm:  DIESI.term 
	logterm:  DIESI.AT term LBR logexpr RBR 

	ID  shift 75
	NUM  shift 66
	LITERAL  shift 67
	LPAR  shift 97
	PIPE  shift 65
	AT  shift 102
	REALNUM  shift 68
	.  error

	identifier  goto 63
	term  goto 101

state 73
	logterm:  FALSE.    (39)

	.  reduce 39 (src line 290)


state 74
	logterm:  TRUE.    (40)

	.  reduce 40 (src line 293)


state 75
	identifier:  ID.    (61)

	.  reduce 61 (src line 393)


state 76
	sendstatement:  SEND ID LPAR.outputvars RPAR SC 

	ID  shift 75
	.  error

	identifier  goto 105
	outputvars  goto 103
	outvar  goto 104

state 77
	statement:  ID ASSIGN expr SC.    (20)

	.  reduce 20 (src line 186)


state 78
	relexpr:  mathexpr LE.mathexpr 

	ID  shift 75
	NUM  shift 66
	LITERAL  shift 67
	LPAR  shift 97
	PIPE  shift 65
	MINUS  shift 69
	AT  shift 70
	REALNUM  shift 68
	.  error

	identifier  goto 63
	mathexpr  goto 106
	addpart  goto 55
	mulpart  goto 57
	unary  goto 60
	term  goto 59

state 79
	relexpr:  mathexpr L.mathexpr 

	ID  shift 75
	NUM  shift 66
	LITERAL  shift 67
	LPAR  shift 97
	PIPE  shift 65
	MINUS  shift 69
	AT  shift 70
	REALNUM  shift 68
	.  error

	identifier  goto 63
	mathexpr  goto 107
	addpart  goto 55
	mulpart  goto 57
	unary  goto 60
	term  goto 59

state 80
	relexpr:  mathexpr GE.mathexpr 

	ID  shift 75
	NUM  shift 66
	LITERAL  shift 67
	LPAR  shift 97
	PIPE  shift 65
	MINUS  shift 69
	AT  shift 70
	REALNUM  shift 68
	.  error

	identifier  goto 63
	mathexpr  goto 108
	addpart  goto 55
	mulpart  goto 57
	unary  goto 60
	term  goto 59

state 81
	relexpr:  mathexpr G.mathexpr 

	ID  shift 75
	NUM  shift 66
	LITERAL  shift 67
	LPAR  shift 97
	PIPE  shift 65
	MINUS  shift 69
	AT  shift 70
	REALNUM  shift 68
	.  error

	identifier  goto 63
	mathexpr  goto 109
	addpart  goto 55
	mulpart  goto 57
	unary  goto 60
	term  goto 59

state 82
	relexpr:  mathexpr NEQ.mathexpr 

	ID  shift 75
	NUM  shift 66
	LITERAL  shift 67
	LPAR  shift 97
	PIPE  shift 65
	MINUS  shift 69
	AT  shift 70
	REALNUM  shift 68
	.  error

	identifier  goto 63
	mathexpr  goto 110
	addpart  goto 55
	mulpart  goto 57
	unary  goto 60
	term  goto 59

state 83
	relexpr:  mathexpr EQ.mathexpr 

	ID  shift 75
	NUM  shift 66
	LITERAL  shift 67
	LPAR  shift 97
	PIPE  shift 65
	MINUS  shift 69
	AT  shift 70
	REALNUM  shift 68
	.  error

	identifier  goto 63
	mathexpr  goto 111
	addpart  goto 55
	mulpart  goto 57
	unary  goto 60
	term  goto 59

state 84
	mathexpr:  mathexpr ADD.addpart 

	ID  shift 75
	NUM  shift 66
	LITERAL  shift 67
	LPAR  shift 97
	PIPE  shift 65
	MINUS  shift 69
	AT  shift 70
	REALNUM  shift 68
	.  error

	identifier  goto 63
	addpart  goto 112
	mulpart  goto 57
	unary  goto 60
	term  goto 59

state 85
	mathexpr:  mathexpr MINUS.addpart 

	ID  shift 75
	NUM  shift 66
	LITERAL  shift 67
	LPAR  shift 97
	PIPE  shift 65
	MINUS  shift 69
	AT  shift 70
	REALNUM  shift 68
	.  error

	identifier  goto 63
	addpart  goto 113
	mulpart  goto 57
	unary  goto 60
	term  goto 59

state 86
	logexpr:  logexpr OR.logpart 

	ID  shift 75
	NUM  shift 66
	LITERAL  shift 67
	LPAR  shift 64
	PIPE  shift 65
	MINUS  shift 69
	NOT  shift 61
	DIESI  shift 72
	AT  shift 70
	FALSE  shift 73
	TRUE  shift 74
	REALNUM  shift 68
	.  error

	identifier  goto 63
	mathexpr  goto 93
	addpart  goto 55
	mulpart  goto 57
	unary  goto 60
	term  goto 59
	relexpr  goto 71
	logpart  goto 114
	logunary  goto 58
	logterm  goto 62

state 87
	itexpr:  ITE LPAR.logexpr COMMA arithmexpr COMMA arithmexpr RPAR 

	ID  shift 75
	NUM  shift 66
	LITERAL  shift 67
	LPAR  shift 64
	PIPE  shift 65
	MINUS  shift 69
	NOT  shift 61
	DIESI  shift 72
	AT  shift 70
	FALSE  shift 73
	TRUE  shift 74
	REALNUM  shift 68
	.  error

	identifier  goto 63
	mathexpr  goto 93
	addpart  goto 55
	mulpart  goto 57
	unary  goto 60
	term  goto 59
	relexpr  goto 71
	logexpr  goto 115
	logpart  goto 56
	logunary  goto 58
	logterm  goto 62

state 88
	addpart:  addpart TIMES.mulpart 

	ID  shift 75
	NUM  shift 66
	LITERAL  shift 67
	LPAR  shift 97
	PIPE  shift 65
	MINUS  shift 69
	AT  shift 70
	REALNUM  shift 68
	.  error

	identifier  goto 63
	mulpart  goto 116
	unary  goto 60
	term  goto 59

state 89
	addpart:  addpart DIV.mulpart 

	ID  shift 75
	NUM  shift 66
	LITERAL  shift 67
	LPAR  shift 97
	PIPE  shift 65
	MINUS  shift 69
	AT  shift 70
	REALNUM  shift 68
	.  error

	identifier  goto 63
	mulpart  goto 117
	unary  goto 60
	term  goto 59

state 90
	logpart:  logpart AND.logunary 

	ID  shift 75
	NUM  shift 66
	LITERAL  shift 67
	LPAR  shift 64
	PIPE  shift 65
	MINUS  shift 69
	NOT  shift 61
	DIESI  shift 72
	AT  shift 70
	FALSE  shift 73
	TRUE  shift 74
	REALNUM  shift 68
	.  error

	identifier  goto 63
	mathexpr  goto 93
	addpart  goto 55
	mulpart  goto 57
	unary  goto 60
	term  goto 59
	relexpr  goto 71
	logunary  goto 118
	logterm  goto 62

state 91
	mulpart:  term EXP.mulpart 

	ID  shift 75
	NUM  shift 66
	LITERAL  shift 67
	LPAR  shift 97
	PIPE  shift 65
	MINUS  shift 69
	AT  shift 70
	REALNUM  shift 68
	.  error

	identifier  goto 63
	mulpart  goto 119
	unary  goto 60
	term  goto 59

state 92
	logunary:  NOT logunary.    (33)

	.  reduce 33 (src line 266)


state 93
	relexpr:  mathexpr.LE mathexpr 
	relexpr:  mathexpr.L mathexpr 
	relexpr:  mathexpr.GE mathexpr 
	relexpr:  mathexpr.G mathexpr 
	relexpr:  mathexpr.NEQ mathexpr 
	relexpr:  mathexpr.EQ mathexpr 
	mathexpr:  mathexpr.ADD addpart 
	mathexpr:  mathexpr.MINUS addpart 

	EQ  shift 83
	NEQ  shift 82
	GE  shift 80
	G  shift 81
	LE  shift 78
	L  shift 79
	ADD  shift 84
	MINUS  shift 85
	.  error


state 94
	logexpr:  logexpr.OR logpart 
	logterm:  LPAR logexpr.RPAR 

	RPAR  shift 120
	OR  shift 86
	.  error


state 95
	relexpr:  mathexpr.LE mathexpr 
	relexpr:  mathexpr.L mathexpr 
	relexpr:  mathexpr.GE mathexpr 
	relexpr:  mathexpr.G mathexpr 
	relexpr:  mathexpr.NEQ mathexpr 
	relexpr:  mathexpr.EQ mathexpr 
	mathexpr:  mathexpr.ADD addpart 
	mathexpr:  mathexpr.MINUS addpart 
	term:  LPAR mathexpr.RPAR 

	RPAR  shift 121
	EQ  shift 83
	NEQ  shift 82
	GE  shift 80
	G  shift 81
	LE  shift 78
	L  shift 79
	ADD  shift 84
	MINUS  shift 85
	.  error


state 96
	mathexpr:  mathexpr.ADD addpart 
	mathexpr:  mathexpr.MINUS addpart 
	term:  PIPE mathexpr.PIPE 

	PIPE  shift 122
	ADD  shift 84
	MINUS  shift 85
	.  error


state 97
	term:  LPAR.mathexpr RPAR 

	ID  shift 75
	NUM  shift 66
	LITERAL  shift 67
	LPAR  shift 97
	PIPE  shift 65
	MINUS  shift 69
	AT  shift 70
	REALNUM  shift 68
	.  error

	identifier  goto 63
	mathexpr  goto 123
	addpart  goto 55
	mulpart  goto 57
	unary  goto 60
	term  goto 59

state 98
	unary:  MINUS unary.    (55)

	.  reduce 55 (src line 356)


state 99
	unary:  term.    (57)

	.  reduce 57 (src line 365)


state 100
	unary:  AT term.LBR arithmexpr RBR 

	LBR  shift 124
	.  error


state 101
	logterm:  DIESI term.    (37)

	.  reduce 37 (src line 280)


state 102
	logterm:  DIESI AT.term LBR logexpr RBR 

	ID  shift 75
	NUM  shift 66
	LITERAL  shift 67
	LPAR  shift 97
	PIPE  shift 65
	REALNUM  shift 68
	.  error

	identifier  goto 63
	term  goto 125

state 103
	sendstatement:  SEND ID LPAR outputvars.RPAR SC 
	outputvars:  outputvars.COMMA outvar 

	COMMA  shift 127
	RPAR  shift 126
	.  error


state 104
	outputvars:  outvar.    (23)

	.  reduce 23 (src line 219)


state 105
	outvar:  identifier.    (24)

	.  reduce 24 (src line 224)


state 106
	relexpr:  mathexpr LE mathexpr.    (41)
	mathexpr:  mathexpr.ADD addpart 
	mathexpr:  mathexpr.MINUS addpart 

	ADD  shift 84
	MINUS  shift 85
	.  reduce 41 (src line 298)


state 107
	relexpr:  mathexpr L mathexpr.    (42)
	mathexpr:  mathexpr.ADD addpart 
	mathexpr:  mathexpr.MINUS addpart 

	ADD  shift 84
	MINUS  shift 85
	.  reduce 42 (src line 301)


state 108
	relexpr:  mathexpr GE mathexpr.    (43)
	mathexpr:  mathexpr.ADD addpart 
	mathexpr:  mathexpr.MINUS addpart 

	ADD  shift 84
	MINUS  shift 85
	.  reduce 43 (src line 304)


state 109
	relexpr:  mathexpr G mathexpr.    (44)
	mathexpr:  mathexpr.ADD addpart 
	mathexpr:  mathexpr.MINUS addpart 

	ADD  shift 84
	MINUS  shift 85
	.  reduce 44 (src line 307)


state 110
	relexpr:  mathexpr NEQ mathexpr.    (45)
	mathexpr:  mathexpr.ADD addpart 
	mathexpr:  mathexpr.MINUS addpart 

	ADD  shift 84
	MINUS  shift 85
	.  reduce 45 (src line 310)


state 111
	relexpr:  mathexpr EQ mathexpr.    (46)
	mathexpr:  mathexpr.ADD addpart 
	mathexpr:  mathexpr.MINUS addpart 

	ADD  shift 84
	MINUS  shift 85
	.  reduce 46 (src line 313)


state 112
	mathexpr:  mathexpr ADD addpart.    (47)
	addpart:  addpart.TIMES mulpart 
	addpart:  addpart.DIV mulpart 

	DIV  shift 89
	TIMES  shift 88
	.  reduce 47 (src line 322)


state 113
	mathexpr:  mathexpr MINUS addpart.    (48)
	addpart:  addpart.TIMES mulpart 
	addpart:  addpart.DIV mulpart 

	DIV  shift 89
	TIMES  shift 88
	.  reduce 48 (src line 325)


state 114
	logexpr:  logexpr OR logpart.    (29)
	logpart:  logpart.AND logunary 

	AND  shift 90
	.  reduce 29 (src line 250)


state 115
	logexpr:  logexpr.OR logpart 
	itexpr:  ITE LPAR logexpr.COMMA arithmexpr COMMA arithmexpr RPAR 

	COMMA  shift 128
	OR  shift 86
	.  error


state 116
	addpart:  addpart TIMES mulpart.    (50)

	.  reduce 50 (src line 333)


state 117
	addpart:  addpart DIV mulpart.    (51)

	.  reduce 51 (src line 338)


state 118
	logpart:  logpart AND logunary.    (31)

	.  reduce 31 (src line 258)


state 119
	mulpart:  term EXP mulpart.    (53)

	.  reduce 53 (src line 348)


state 120
	logterm:  LPAR logexpr RPAR.    (36)

	.  reduce 36 (src line 277)


state 121
	term:  LPAR mathexpr RPAR.    (63)

	.  reduce 63 (src line 402)


state 122
	term:  PIPE mathexpr PIPE.    (64)

	.  reduce 64 (src line 405)


state 123
	mathexpr:  mathexpr.ADD addpart 
	mathexpr:  mathexpr.MINUS addpart 
	term:  LPAR mathexpr.RPAR 

	RPAR  shift 121
	ADD  shift 84
	MINUS  shift 85
	.  error


state 124
	unary:  AT term LBR.arithmexpr RBR 

	ID  shift 75
	NUM  shift 66
	LITERAL  shift 67
	LPAR  shift 64
	PIPE  shift 65
	MINUS  shift 69
	NOT  shift 61
	DIESI  shift 72
	AT  shift 70
	FALSE  shift 73
	TRUE  shift 74
	REALNUM  shift 68
	.  error

	identifier  goto 63
	mathexpr  goto 52
	arithmexpr  goto 129
	addpart  goto 55
	mulpart  goto 57
	unary  goto 60
	term  goto 59
	relexpr  goto 71
	logexpr  goto 53
	logpart  goto 56
	logunary  goto 58
	logterm  goto 62

state 125
	logterm:  DIESI AT term.LBR logexpr RBR 

	LBR  shift 130
	.  error


state 126
	sendstatement:  SEND ID LPAR outputvars RPAR.SC 

	SC  shift 131
	.  error


state 127
	outputvars:  outputvars COMMA.outvar 

	ID  shift 75
	.  error

	identifier  goto 105
	outvar  goto 132

state 128
	itexpr:  ITE LPAR logexpr COMMA.arithmexpr COMMA arithmexpr RPAR 

	ID  shift 75
	NUM  shift 66
	LITERAL  shift 67
	LPAR  shift 64
	PIPE  shift 65
	MINUS  shift 69
	NOT  shift 61
	DIESI  shift 72
	AT  shift 70
	FALSE  shift 73
	TRUE  shift 74
	REALNUM  shift 68
	.  error

	identifier  goto 63
	mathexpr  goto 52
	arithmexpr  goto 133
	addpart  goto 55
	mulpart  goto 57
	unary  goto 60
	term  goto 59
	relexpr  goto 71
	logexpr  goto 53
	logpart  goto 56
	logunary  goto 58
	logterm  goto 62

state 129
	unary:  AT term LBR arithmexpr.RBR 

	RBR  shift 134
	.  error


state 130
	logterm:  DIESI AT term LBR.logexpr RBR 

	ID  shift 75
	NUM  shift 66
	LITERAL  shift 67
	LPAR  shift 64
	PIPE  shift 65
	MINUS  shift 69
	NOT  shift 61
	DIESI  shift 72
	AT  shift 70
	FALSE  shift 73
	TRUE  shift 74
	REALNUM  shift 68
	.  error

	identifier  goto 63
	mathexpr  goto 93
	addpart  goto 55
	mulpart  goto 57
	unary  goto 60
	term  goto 59
	relexpr  goto 71
	logexpr  goto 135
	logpart  goto 56
	logunary  goto 58
	logterm  goto 62

state 131
	sendstatement:  SEND ID LPAR outputvars RPAR SC.    (21)

	.  reduce 21 (src line 204)


state 132
	outputvars:  outputvars COMMA outvar.    (22)

	.  reduce 22 (src line 212)


state 133
	itexpr:  ITE LPAR logexpr COMMA arithmexpr.COMMA arithmexpr RPAR 

	COMMA  shift 136
	.  error


state 134
	unary:  AT term LBR arithmexpr RBR.    (56)

	.  reduce 56 (src line 359)


state 135
	logexpr:  logexpr.OR logpart 
	logterm:  DIESI AT term LBR logexpr.RBR 

	RBR  shift 137
	OR  shift 86
	.  error


state 136
	itexpr:  ITE LPAR logexpr COMMA arithmexpr COMMA.arithmexpr RPAR 

	ID  shift 75
	NUM  shift 66
	LITERAL  shift 67
	LPAR  shift 64
	PIPE  shift 65
	MINUS  shift 69
	NOT  shift 61
	DIESI  shift 72
	AT  shift 70
	FALSE  shift 73
	TRUE  shift 74
	REALNUM  shift 68
	.  error

	identifier  goto 63
	mathexpr  goto 52
	arithmexpr  goto 138
	addpart  goto 55
	mulpart  goto 57
	unary  goto 60
	term  goto 59
	relexpr  goto 71
	logexpr  goto 53
	logpart  goto 56
	logunary  goto 58
	logterm  goto 62

state 137
	logterm:  DIESI AT term LBR logexpr RBR.    (38)

	.  reduce 38 (src line 284)


state 138
	itexpr:  ITE LPAR logexpr COMMA arithmexpr COMMA arithmexpr.RPAR 

	RPAR  shift 139
	.  error


state 139
	itexpr:  ITE LPAR logexpr COMMA arithmexpr COMMA arithmexpr RPAR.    (58)

	.  reduce 58 (src line 370)


45 terminals, 33 nonterminals
73 grammar rules, 140/16000 states
0 shift/reduce, 0 reduce/reduce conflicts reported
82 working sets used
memory: parser 271/240000
76 extra closures
369 shift entries, 2 exceptions
74 goto entries
149 entries saved by goto default
Optimizer space used: output 199/240000
199 table entries, 0 zero
maximum spread: 45, maximum offset: 136
